
Root grid = 2 x 2 x 2 MeshBlocks
Total number of MeshBlocks = 64
Number of logical  levels of refinement = 2 (3 levels total)
Number of physical levels of refinement = 1 (2 levels total)
Number of parallel ranks = 64
  Rank = 0: 1 MeshBlocks, cost = 1
  Rank = 1: 1 MeshBlocks, cost = 1
  Rank = 2: 1 MeshBlocks, cost = 1
  Rank = 3: 1 MeshBlocks, cost = 1
  Rank = 4: 1 MeshBlocks, cost = 1
  Rank = 5: 1 MeshBlocks, cost = 1
  Rank = 6: 1 MeshBlocks, cost = 1
  Rank = 7: 1 MeshBlocks, cost = 1
  Rank = 8: 1 MeshBlocks, cost = 1
  Rank = 9: 1 MeshBlocks, cost = 1
  Rank = 10: 1 MeshBlocks, cost = 1
  Rank = 11: 1 MeshBlocks, cost = 1
  Rank = 12: 1 MeshBlocks, cost = 1
  Rank = 13: 1 MeshBlocks, cost = 1
  Rank = 14: 1 MeshBlocks, cost = 1
  Rank = 15: 1 MeshBlocks, cost = 1
  Rank = 16: 1 MeshBlocks, cost = 1
  Rank = 17: 1 MeshBlocks, cost = 1
  Rank = 18: 1 MeshBlocks, cost = 1
  Rank = 19: 1 MeshBlocks, cost = 1
  Rank = 20: 1 MeshBlocks, cost = 1
  Rank = 21: 1 MeshBlocks, cost = 1
  Rank = 22: 1 MeshBlocks, cost = 1
  Rank = 23: 1 MeshBlocks, cost = 1
  Rank = 24: 1 MeshBlocks, cost = 1
  Rank = 25: 1 MeshBlocks, cost = 1
  Rank = 26: 1 MeshBlocks, cost = 1
  Rank = 27: 1 MeshBlocks, cost = 1
  Rank = 28: 1 MeshBlocks, cost = 1
  Rank = 29: 1 MeshBlocks, cost = 1
  Rank = 30: 1 MeshBlocks, cost = 1
  Rank = 31: 1 MeshBlocks, cost = 1
  Rank = 32: 1 MeshBlocks, cost = 1
  Rank = 33: 1 MeshBlocks, cost = 1
  Rank = 34: 1 MeshBlocks, cost = 1
  Rank = 35: 1 MeshBlocks, cost = 1
  Rank = 36: 1 MeshBlocks, cost = 1
  Rank = 37: 1 MeshBlocks, cost = 1
  Rank = 38: 1 MeshBlocks, cost = 1
  Rank = 39: 1 MeshBlocks, cost = 1
  Rank = 40: 1 MeshBlocks, cost = 1
  Rank = 41: 1 MeshBlocks, cost = 1
  Rank = 42: 1 MeshBlocks, cost = 1
  Rank = 43: 1 MeshBlocks, cost = 1
  Rank = 44: 1 MeshBlocks, cost = 1
  Rank = 45: 1 MeshBlocks, cost = 1
  Rank = 46: 1 MeshBlocks, cost = 1
  Rank = 47: 1 MeshBlocks, cost = 1
  Rank = 48: 1 MeshBlocks, cost = 1
  Rank = 49: 1 MeshBlocks, cost = 1
  Rank = 50: 1 MeshBlocks, cost = 1
  Rank = 51: 1 MeshBlocks, cost = 1
  Rank = 52: 1 MeshBlocks, cost = 1
  Rank = 53: 1 MeshBlocks, cost = 1
  Rank = 54: 1 MeshBlocks, cost = 1
  Rank = 55: 1 MeshBlocks, cost = 1
  Rank = 56: 1 MeshBlocks, cost = 1
  Rank = 57: 1 MeshBlocks, cost = 1
  Rank = 58: 1 MeshBlocks, cost = 1
  Rank = 59: 1 MeshBlocks, cost = 1
  Rank = 60: 1 MeshBlocks, cost = 1
  Rank = 61: 1 MeshBlocks, cost = 1
  Rank = 62: 1 MeshBlocks, cost = 1
  Rank = 63: 1 MeshBlocks, cost = 1
Load Balancing:
  Maximum normalized cost = 1, Average = 1

Setup complete, executing task list(s)...

elapsed=4.287875e+02 cycle=0 time=0.000000e+00 dt=1.815461e-02
elapsed=1.298022e+03 cycle=1000 time=1.487384e+01 dt=1.498072e-02
elapsed=2.179313e+03 cycle=2000 time=2.985140e+01 dt=1.497085e-02
elapsed=3.370295e+03 cycle=3000 time=4.481363e+01 dt=1.495460e-02
elapsed=4.228291e+03 cycle=4000 time=5.975710e+01 dt=1.492462e-02
elapsed=5.566633e+03 cycle=5000 time=7.467682e+01 dt=1.491844e-02
elapsed=6.450211e+03 cycle=6000 time=8.959628e+01 dt=1.492080e-02

Terminating on time limit
time=1.000000e+02 cycle=6698
tlim=1.000000e+02 nlim=-1

MeshBlock-cycles = 428672
cpu time used  = 7.195213e+03
zone-cycles/cpu_second = 1.561786e+07
particle-updates/cpu_second = 0.000000e+00
