
Root grid = 2 x 2 x 2 MeshBlocks
Total number of MeshBlocks = 64
Number of logical  levels of refinement = 2 (3 levels total)
Number of physical levels of refinement = 1 (2 levels total)
Number of parallel ranks = 64
  Rank = 0: 1 MeshBlocks, cost = 1
  Rank = 1: 1 MeshBlocks, cost = 1
  Rank = 2: 1 MeshBlocks, cost = 1
  Rank = 3: 1 MeshBlocks, cost = 1
  Rank = 4: 1 MeshBlocks, cost = 1
  Rank = 5: 1 MeshBlocks, cost = 1
  Rank = 6: 1 MeshBlocks, cost = 1
  Rank = 7: 1 MeshBlocks, cost = 1
  Rank = 8: 1 MeshBlocks, cost = 1
  Rank = 9: 1 MeshBlocks, cost = 1
  Rank = 10: 1 MeshBlocks, cost = 1
  Rank = 11: 1 MeshBlocks, cost = 1
  Rank = 12: 1 MeshBlocks, cost = 1
  Rank = 13: 1 MeshBlocks, cost = 1
  Rank = 14: 1 MeshBlocks, cost = 1
  Rank = 15: 1 MeshBlocks, cost = 1
  Rank = 16: 1 MeshBlocks, cost = 1
  Rank = 17: 1 MeshBlocks, cost = 1
  Rank = 18: 1 MeshBlocks, cost = 1
  Rank = 19: 1 MeshBlocks, cost = 1
  Rank = 20: 1 MeshBlocks, cost = 1
  Rank = 21: 1 MeshBlocks, cost = 1
  Rank = 22: 1 MeshBlocks, cost = 1
  Rank = 23: 1 MeshBlocks, cost = 1
  Rank = 24: 1 MeshBlocks, cost = 1
  Rank = 25: 1 MeshBlocks, cost = 1
  Rank = 26: 1 MeshBlocks, cost = 1
  Rank = 27: 1 MeshBlocks, cost = 1
  Rank = 28: 1 MeshBlocks, cost = 1
  Rank = 29: 1 MeshBlocks, cost = 1
  Rank = 30: 1 MeshBlocks, cost = 1
  Rank = 31: 1 MeshBlocks, cost = 1
  Rank = 32: 1 MeshBlocks, cost = 1
  Rank = 33: 1 MeshBlocks, cost = 1
  Rank = 34: 1 MeshBlocks, cost = 1
  Rank = 35: 1 MeshBlocks, cost = 1
  Rank = 36: 1 MeshBlocks, cost = 1
  Rank = 37: 1 MeshBlocks, cost = 1
  Rank = 38: 1 MeshBlocks, cost = 1
  Rank = 39: 1 MeshBlocks, cost = 1
  Rank = 40: 1 MeshBlocks, cost = 1
  Rank = 41: 1 MeshBlocks, cost = 1
  Rank = 42: 1 MeshBlocks, cost = 1
  Rank = 43: 1 MeshBlocks, cost = 1
  Rank = 44: 1 MeshBlocks, cost = 1
  Rank = 45: 1 MeshBlocks, cost = 1
  Rank = 46: 1 MeshBlocks, cost = 1
  Rank = 47: 1 MeshBlocks, cost = 1
  Rank = 48: 1 MeshBlocks, cost = 1
  Rank = 49: 1 MeshBlocks, cost = 1
  Rank = 50: 1 MeshBlocks, cost = 1
  Rank = 51: 1 MeshBlocks, cost = 1
  Rank = 52: 1 MeshBlocks, cost = 1
  Rank = 53: 1 MeshBlocks, cost = 1
  Rank = 54: 1 MeshBlocks, cost = 1
  Rank = 55: 1 MeshBlocks, cost = 1
  Rank = 56: 1 MeshBlocks, cost = 1
  Rank = 57: 1 MeshBlocks, cost = 1
  Rank = 58: 1 MeshBlocks, cost = 1
  Rank = 59: 1 MeshBlocks, cost = 1
  Rank = 60: 1 MeshBlocks, cost = 1
  Rank = 61: 1 MeshBlocks, cost = 1
  Rank = 62: 1 MeshBlocks, cost = 1
  Rank = 63: 1 MeshBlocks, cost = 1
Load Balancing:
  Maximum normalized cost = 1, Average = 1

Setup complete, executing task list(s)...

elapsed=3.983918e+02 cycle=0 time=0.000000e+00 dt=1.815461e-04
elapsed=8.509022e+02 cycle=1000 time=1.487789e-01 dt=1.498647e-04
elapsed=1.294892e+03 cycle=2000 time=2.986233e-01 dt=1.497863e-04
elapsed=1.738261e+03 cycle=3000 time=4.483203e-01 dt=1.496235e-04
elapsed=2.184187e+03 cycle=4000 time=5.978179e-01 dt=1.491718e-04
elapsed=2.631928e+03 cycle=5000 time=7.469782e-01 dt=1.491793e-04
elapsed=3.079266e+03 cycle=6000 time=8.961927e-01 dt=1.492472e-04
elapsed=3.912637e+03 cycle=7000 time=1.045472e+00 dt=1.493524e-04
