### FATAL ERROR in /scratch/meemik/athenak/src/mesh/build_tree.cpp at line 247
Fewer MeshBlocks (nmb_total=8) than MPI ranks (nranks=64)
### FATAL ERROR in /scratch/meemik/athenak/src/mesh/build_tree.cpp at line 247
Fewer MeshBlocks (nmb_total=8) than MPI ranks (nranks=64)
### FATAL ERROR in /scratch/meemik/athenak/src/mesh/build_tree.cpp at line 247
Fewer MeshBlocks (nmb_total=8) than MPI ranks (nranks=64)
### FATAL ERROR in /scratch/meemik/athenak/src/mesh/build_tree.cpp at line 247
Fewer MeshBlocks (nmb_total=8) than MPI ranks (nranks=64)
### FATAL ERROR in /scratch/meemik/athenak/src/mesh/build_tree.cpp at line 247
Fewer MeshBlocks (nmb_total=8) than MPI ranks (nranks=64)
### FATAL ERROR in /scratch/meemik/athenak/src/mesh/build_tree.cpp at line 247
Fewer MeshBlocks (nmb_total=8) than MPI ranks (nranks=64)
### FATAL ERROR in /scratch/meemik/athenak/src/mesh/build_tree.cpp at line 247
Fewer MeshBlocks (nmb_total=8) than MPI ranks (nranks=64)
### FATAL ERROR in /scratch/meemik/athenak/src/mesh/build_tree.cpp at line 247
Fewer MeshBlocks (nmb_total=8) than MPI ranks (nranks=64)
### FATAL ERROR in /scratch/meemik/athenak/src/mesh/build_tree.cpp at line 247
Fewer MeshBlocks (nmb_total=8) than MPI ranks (nranks=64)
### FATAL ERROR in /scratch/meemik/athenak/src/mesh/build_tree.cpp at line 247
Fewer MeshBlocks (nmb_total=8) than MPI ranks (nranks=64)
### FATAL ERROR in /scratch/meemik/athenak/src/mesh/build_tree.cpp at line 247
Fewer MeshBlocks (nmb_total=8) than MPI ranks (nranks=64)
### FATAL ERROR in /scratch/meemik/athenak/src/mesh/build_tree.cpp at line 247
Fewer MeshBlocks (nmb_total=8) than MPI ranks (nranks=64)
### FATAL ERROR in /scratch/meemik/athenak/src/mesh/build_tree.cpp at line 247
Fewer MeshBlocks (nmb_total=8) than MPI ranks (nranks=64)
### FATAL ERROR in /scratch/meemik/athenak/src/mesh/build_tree.cpp at line 247
Fewer MeshBlocks (nmb_total=8) than MPI ranks (nranks=64)
### FATAL ERROR in /scratch/meemik/athenak/src/mesh/build_tree.cpp at line 247
Fewer MeshBlocks (nmb_total=8) than MPI ranks (nranks=64)
### FATAL ERROR in /scratch/meemik/athenak/src/mesh/build_tree.cpp at line 247
Fewer MeshBlocks (nmb_total=8) than MPI ranks (nranks=64)
### FATAL ERROR in /scratch/meemik/athenak/src/mesh/build_tree.cpp at line 247
Fewer MeshBlocks (nmb_total=8) than MPI ranks (nranks=64)
### FATAL ERROR in /scratch/meemik/athenak/src/mesh/build_tree.cpp at line 247
Fewer MeshBlocks (nmb_total=8) than MPI ranks (nranks=64)
### FATAL ERROR in /scratch/meemik/athenak/src/mesh/build_tree.cpp at line 247
Fewer MeshBlocks (nmb_total=8) than MPI ranks (nranks=64)
### FATAL ERROR in /scratch/meemik/athenak/src/mesh/build_tree.cpp at line 247
Fewer MeshBlocks (nmb_total=8) than MPI ranks (nranks=64)
### FATAL ERROR in /scratch/meemik/athenak/src/mesh/build_tree.cpp at line 247
Fewer MeshBlocks (nmb_total=8) than MPI ranks (nranks=64)
### FATAL ERROR in /scratch/meemik/athenak/src/mesh/build_tree.cpp at line 247
Fewer MeshBlocks (nmb_total=8) than MPI ranks (nranks=64)
### FATAL ERROR in /scratch/meemik/athenak/src/mesh/build_tree.cpp at line 247
Fewer MeshBlocks (nmb_total=8) than MPI ranks (nranks=64)
### FATAL ERROR in /scratch/meemik/athenak/src/mesh/build_tree.cpp at line 247
Fewer MeshBlocks (nmb_total=8) than MPI ranks (nranks=64)
### FATAL ERROR in /scratch/meemik/athenak/src/mesh/build_tree.cpp at line 247
Fewer MeshBlocks (nmb_total=8) than MPI ranks (nranks=64)
### FATAL ERROR in /scratch/meemik/athenak/src/mesh/build_tree.cpp at line 247
Fewer MeshBlocks (nmb_total=8) than MPI ranks (nranks=64)
### FATAL ERROR in /scratch/meemik/athenak/src/mesh/build_tree.cpp at line 247
Fewer MeshBlocks (nmb_total=8) than MPI ranks (nranks=64)
### FATAL ERROR in /scratch/meemik/athenak/src/mesh/build_tree.cpp at line 247
Fewer MeshBlocks (nmb_total=8) than MPI ranks (nranks=64)
### FATAL ERROR in /scratch/meemik/athenak/src/mesh/build_tree.cpp at line 247
Fewer MeshBlocks (nmb_total=8) than MPI ranks (nranks=64)
### FATAL ERROR in /scratch/meemik/athenak/src/mesh/build_tree.cpp at line 247
Fewer MeshBlocks (nmb_total=8) than MPI ranks (nranks=64)
### FATAL ERROR in /scratch/meemik/athenak/src/mesh/build_tree.cpp at line 247
Fewer MeshBlocks (nmb_total=8) than MPI ranks (nranks=64)
### FATAL ERROR in /scratch/meemik/athenak/src/mesh/build_tree.cpp at line 247
Fewer MeshBlocks (nmb_total=8) than MPI ranks (nranks=64)
### FATAL ERROR in /scratch/meemik/athenak/src/mesh/build_tree.cpp at line 247
Fewer MeshBlocks (nmb_total=8) than MPI ranks (nranks=64)
### FATAL ERROR in /scratch/meemik/athenak/src/mesh/build_tree.cpp at line 247
Fewer MeshBlocks (nmb_total=8) than MPI ranks (nranks=64)
### FATAL ERROR in /scratch/meemik/athenak/src/mesh/build_tree.cpp at line 247
Fewer MeshBlocks (nmb_total=8) than MPI ranks (nranks=64)
### FATAL ERROR in /scratch/meemik/athenak/src/mesh/build_tree.cpp at line 247
Fewer MeshBlocks (nmb_total=8) than MPI ranks (nranks=64)
### FATAL ERROR in /scratch/meemik/athenak/src/mesh/build_tree.cpp at line 247
Fewer MeshBlocks (nmb_total=8) than MPI ranks (nranks=64)
### FATAL ERROR in /scratch/meemik/athenak/src/mesh/build_tree.cpp at line 247
Fewer MeshBlocks (nmb_total=8) than MPI ranks (nranks=64)
### FATAL ERROR in /scratch/meemik/athenak/src/mesh/build_tree.cpp at line 247
Fewer MeshBlocks (nmb_total=8) than MPI ranks (nranks=64)
### FATAL ERROR in /scratch/meemik/athenak/src/mesh/build_tree.cpp at line 247
Fewer MeshBlocks (nmb_total=8) than MPI ranks (nranks=64)
### FATAL ERROR in /scratch/meemik/athenak/src/mesh/build_tree.cpp at line 247
Fewer MeshBlocks (nmb_total=8) than MPI ranks (nranks=64)
### FATAL ERROR in /scratch/meemik/athenak/src/mesh/build_tree.cpp at line 247
Fewer MeshBlocks (nmb_total=8) than MPI ranks (nranks=64)
### FATAL ERROR in /scratch/meemik/athenak/src/mesh/build_tree.cpp at line 247
Fewer MeshBlocks (nmb_total=8) than MPI ranks (nranks=64)
### FATAL ERROR in /scratch/meemik/athenak/src/mesh/build_tree.cpp at line 247
Fewer MeshBlocks (nmb_total=8) than MPI ranks (nranks=64)
### FATAL ERROR in /scratch/meemik/athenak/src/mesh/build_tree.cpp at line 247
Fewer MeshBlocks (nmb_total=8) than MPI ranks (nranks=64)
### FATAL ERROR in /scratch/meemik/athenak/src/mesh/build_tree.cpp at line 247
Fewer MeshBlocks (nmb_total=8) than MPI ranks (nranks=64)
### FATAL ERROR in /scratch/meemik/athenak/src/mesh/build_tree.cpp at line 247
Fewer MeshBlocks (nmb_total=8) than MPI ranks (nranks=64)
### FATAL ERROR in /scratch/meemik/athenak/src/mesh/build_tree.cpp at line 247
Fewer MeshBlocks (nmb_total=8) than MPI ranks (nranks=64)
### FATAL ERROR in /scratch/meemik/athenak/src/mesh/build_tree.cpp at line 247
Fewer MeshBlocks (nmb_total=8) than MPI ranks (nranks=64)
### FATAL ERROR in /scratch/meemik/athenak/src/mesh/build_tree.cpp at line 247
Fewer MeshBlocks (nmb_total=8) than MPI ranks (nranks=64)
### FATAL ERROR in /scratch/meemik/athenak/src/mesh/build_tree.cpp at line 247
Fewer MeshBlocks (nmb_total=8) than MPI ranks (nranks=64)
### FATAL ERROR in /scratch/meemik/athenak/src/mesh/build_tree.cpp at line 247
Fewer MeshBlocks (nmb_total=8) than MPI ranks (nranks=64)
### FATAL ERROR in /scratch/meemik/athenak/src/mesh/build_tree.cpp at line 247
Fewer MeshBlocks (nmb_total=8) than MPI ranks (nranks=64)
### FATAL ERROR in /scratch/meemik/athenak/src/mesh/build_tree.cpp at line 247
Fewer MeshBlocks (nmb_total=8) than MPI ranks (nranks=64)
### FATAL ERROR in /scratch/meemik/athenak/src/mesh/build_tree.cpp at line 247
Fewer MeshBlocks (nmb_total=8) than MPI ranks (nranks=64)
### FATAL ERROR in /scratch/meemik/athenak/src/mesh/build_tree.cpp at line 247
Fewer MeshBlocks (nmb_total=8) than MPI ranks (nranks=64)
### FATAL ERROR in /scratch/meemik/athenak/src/mesh/build_tree.cpp at line 247
Fewer MeshBlocks (nmb_total=8) than MPI ranks (nranks=64)
### FATAL ERROR in /scratch/meemik/athenak/src/mesh/build_tree.cpp at line 247
Fewer MeshBlocks (nmb_total=8) than MPI ranks (nranks=64)
### FATAL ERROR in /scratch/meemik/athenak/src/mesh/build_tree.cpp at line 247
Fewer MeshBlocks (nmb_total=8) than MPI ranks (nranks=64)
### FATAL ERROR in /scratch/meemik/athenak/src/mesh/build_tree.cpp at line 247
Fewer MeshBlocks (nmb_total=8) than MPI ranks (nranks=64)
### FATAL ERROR in /scratch/meemik/athenak/src/mesh/build_tree.cpp at line 247
Fewer MeshBlocks (nmb_total=8) than MPI ranks (nranks=64)
### FATAL ERROR in /scratch/meemik/athenak/src/mesh/build_tree.cpp at line 247
Fewer MeshBlocks (nmb_total=8) than MPI ranks (nranks=64)
### FATAL ERROR in /scratch/meemik/athenak/src/mesh/build_tree.cpp at line 247
Fewer MeshBlocks (nmb_total=8) than MPI ranks (nranks=64)
--------------------------------------------------------------------------
Primary job  terminated normally, but 1 process returned
a non-zero exit code. Per user-direction, the job has been aborted.
--------------------------------------------------------------------------
### FATAL ERROR in /scratch/meemik/athenak/src/mesh/build_tree.cpp at line 247
Fewer MeshBlocks (nmb_total=8) than MPI ranks (nranks=64)
--------------------------------------------------------------------------
mpirun detected that one or more processes exited with non-zero status, thus causing
the job to be terminated. The first process to do so was:

  Process name: [[7254,1],2]
  Exit code:    1
--------------------------------------------------------------------------
