
Root grid = 4 x 2 x 2 MeshBlocks
Total number of MeshBlocks = 128
Number of logical  levels of refinement = 3 (4 levels total)
Number of physical levels of refinement = 1 (2 levels total)
Number of parallel ranks = 128
  Rank = 0: 1 MeshBlocks, cost = 1
  Rank = 1: 1 MeshBlocks, cost = 1
  Rank = 2: 1 MeshBlocks, cost = 1
  Rank = 3: 1 MeshBlocks, cost = 1
  Rank = 4: 1 MeshBlocks, cost = 1
  Rank = 5: 1 MeshBlocks, cost = 1
  Rank = 6: 1 MeshBlocks, cost = 1
  Rank = 7: 1 MeshBlocks, cost = 1
  Rank = 8: 1 MeshBlocks, cost = 1
  Rank = 9: 1 MeshBlocks, cost = 1
  Rank = 10: 1 MeshBlocks, cost = 1
  Rank = 11: 1 MeshBlocks, cost = 1
  Rank = 12: 1 MeshBlocks, cost = 1
  Rank = 13: 1 MeshBlocks, cost = 1
  Rank = 14: 1 MeshBlocks, cost = 1
  Rank = 15: 1 MeshBlocks, cost = 1
  Rank = 16: 1 MeshBlocks, cost = 1
  Rank = 17: 1 MeshBlocks, cost = 1
  Rank = 18: 1 MeshBlocks, cost = 1
  Rank = 19: 1 MeshBlocks, cost = 1
  Rank = 20: 1 MeshBlocks, cost = 1
  Rank = 21: 1 MeshBlocks, cost = 1
  Rank = 22: 1 MeshBlocks, cost = 1
  Rank = 23: 1 MeshBlocks, cost = 1
  Rank = 24: 1 MeshBlocks, cost = 1
  Rank = 25: 1 MeshBlocks, cost = 1
  Rank = 26: 1 MeshBlocks, cost = 1
  Rank = 27: 1 MeshBlocks, cost = 1
  Rank = 28: 1 MeshBlocks, cost = 1
  Rank = 29: 1 MeshBlocks, cost = 1
  Rank = 30: 1 MeshBlocks, cost = 1
  Rank = 31: 1 MeshBlocks, cost = 1
  Rank = 32: 1 MeshBlocks, cost = 1
  Rank = 33: 1 MeshBlocks, cost = 1
  Rank = 34: 1 MeshBlocks, cost = 1
  Rank = 35: 1 MeshBlocks, cost = 1
  Rank = 36: 1 MeshBlocks, cost = 1
  Rank = 37: 1 MeshBlocks, cost = 1
  Rank = 38: 1 MeshBlocks, cost = 1
  Rank = 39: 1 MeshBlocks, cost = 1
  Rank = 40: 1 MeshBlocks, cost = 1
  Rank = 41: 1 MeshBlocks, cost = 1
  Rank = 42: 1 MeshBlocks, cost = 1
  Rank = 43: 1 MeshBlocks, cost = 1
  Rank = 44: 1 MeshBlocks, cost = 1
  Rank = 45: 1 MeshBlocks, cost = 1
  Rank = 46: 1 MeshBlocks, cost = 1
  Rank = 47: 1 MeshBlocks, cost = 1
  Rank = 48: 1 MeshBlocks, cost = 1
  Rank = 49: 1 MeshBlocks, cost = 1
  Rank = 50: 1 MeshBlocks, cost = 1
  Rank = 51: 1 MeshBlocks, cost = 1
  Rank = 52: 1 MeshBlocks, cost = 1
  Rank = 53: 1 MeshBlocks, cost = 1
  Rank = 54: 1 MeshBlocks, cost = 1
  Rank = 55: 1 MeshBlocks, cost = 1
  Rank = 56: 1 MeshBlocks, cost = 1
  Rank = 57: 1 MeshBlocks, cost = 1
  Rank = 58: 1 MeshBlocks, cost = 1
  Rank = 59: 1 MeshBlocks, cost = 1
  Rank = 60: 1 MeshBlocks, cost = 1
  Rank = 61: 1 MeshBlocks, cost = 1
  Rank = 62: 1 MeshBlocks, cost = 1
  Rank = 63: 1 MeshBlocks, cost = 1
  Rank = 64: 1 MeshBlocks, cost = 1
  Rank = 65: 1 MeshBlocks, cost = 1
  Rank = 66: 1 MeshBlocks, cost = 1
  Rank = 67: 1 MeshBlocks, cost = 1
  Rank = 68: 1 MeshBlocks, cost = 1
  Rank = 69: 1 MeshBlocks, cost = 1
  Rank = 70: 1 MeshBlocks, cost = 1
  Rank = 71: 1 MeshBlocks, cost = 1
  Rank = 72: 1 MeshBlocks, cost = 1
  Rank = 73: 1 MeshBlocks, cost = 1
  Rank = 74: 1 MeshBlocks, cost = 1
  Rank = 75: 1 MeshBlocks, cost = 1
  Rank = 76: 1 MeshBlocks, cost = 1
  Rank = 77: 1 MeshBlocks, cost = 1
  Rank = 78: 1 MeshBlocks, cost = 1
  Rank = 79: 1 MeshBlocks, cost = 1
  Rank = 80: 1 MeshBlocks, cost = 1
  Rank = 81: 1 MeshBlocks, cost = 1
  Rank = 82: 1 MeshBlocks, cost = 1
  Rank = 83: 1 MeshBlocks, cost = 1
  Rank = 84: 1 MeshBlocks, cost = 1
  Rank = 85: 1 MeshBlocks, cost = 1
  Rank = 86: 1 MeshBlocks, cost = 1
  Rank = 87: 1 MeshBlocks, cost = 1
  Rank = 88: 1 MeshBlocks, cost = 1
  Rank = 89: 1 MeshBlocks, cost = 1
  Rank = 90: 1 MeshBlocks, cost = 1
  Rank = 91: 1 MeshBlocks, cost = 1
  Rank = 92: 1 MeshBlocks, cost = 1
  Rank = 93: 1 MeshBlocks, cost = 1
  Rank = 94: 1 MeshBlocks, cost = 1
  Rank = 95: 1 MeshBlocks, cost = 1
  Rank = 96: 1 MeshBlocks, cost = 1
  Rank = 97: 1 MeshBlocks, cost = 1
  Rank = 98: 1 MeshBlocks, cost = 1
  Rank = 99: 1 MeshBlocks, cost = 1
  Rank = 100: 1 MeshBlocks, cost = 1
  Rank = 101: 1 MeshBlocks, cost = 1
  Rank = 102: 1 MeshBlocks, cost = 1
  Rank = 103: 1 MeshBlocks, cost = 1
  Rank = 104: 1 MeshBlocks, cost = 1
  Rank = 105: 1 MeshBlocks, cost = 1
  Rank = 106: 1 MeshBlocks, cost = 1
  Rank = 107: 1 MeshBlocks, cost = 1
  Rank = 108: 1 MeshBlocks, cost = 1
  Rank = 109: 1 MeshBlocks, cost = 1
  Rank = 110: 1 MeshBlocks, cost = 1
  Rank = 111: 1 MeshBlocks, cost = 1
  Rank = 112: 1 MeshBlocks, cost = 1
  Rank = 113: 1 MeshBlocks, cost = 1
  Rank = 114: 1 MeshBlocks, cost = 1
  Rank = 115: 1 MeshBlocks, cost = 1
  Rank = 116: 1 MeshBlocks, cost = 1
  Rank = 117: 1 MeshBlocks, cost = 1
  Rank = 118: 1 MeshBlocks, cost = 1
  Rank = 119: 1 MeshBlocks, cost = 1
  Rank = 120: 1 MeshBlocks, cost = 1
  Rank = 121: 1 MeshBlocks, cost = 1
  Rank = 122: 1 MeshBlocks, cost = 1
  Rank = 123: 1 MeshBlocks, cost = 1
  Rank = 124: 1 MeshBlocks, cost = 1
  Rank = 125: 1 MeshBlocks, cost = 1
  Rank = 126: 1 MeshBlocks, cost = 1
  Rank = 127: 1 MeshBlocks, cost = 1
Load Balancing:
  Maximum normalized cost = 1, Average = 1
### FATAL ERROR in /scratch/meemik/athenak/src/pgen/pgen.cpp at line 634
User SRCs specified in <problem> block, but not enrolled by UserProblem().
### FATAL ERROR in /scratch/meemik/athenak/src/pgen/pgen.cpp at line 634
User SRCs specified in <problem> block, but not enrolled by UserProblem().
### FATAL ERROR in /scratch/meemik/athenak/src/pgen/pgen.cpp at line 634
User SRCs specified in <problem> block, but not enrolled by UserProblem().
### FATAL ERROR in /scratch/meemik/athenak/src/pgen/pgen.cpp at line 634
User SRCs specified in <problem> block, but not enrolled by UserProblem().
### FATAL ERROR in /scratch/meemik/athenak/src/pgen/pgen.cpp at line 634
User SRCs specified in <problem> block, but not enrolled by UserProblem().
### FATAL ERROR in /scratch/meemik/athenak/src/pgen/pgen.cpp at line 634
User SRCs specified in <problem> block, but not enrolled by UserProblem().
### FATAL ERROR in /scratch/meemik/athenak/src/pgen/pgen.cpp at line 634
User SRCs specified in <problem> block, but not enrolled by UserProblem().
### FATAL ERROR in /scratch/meemik/athenak/src/pgen/pgen.cpp at line 634
User SRCs specified in <problem> block, but not enrolled by UserProblem().
--------------------------------------------------------------------------
Primary job  terminated normally, but 1 process returned
a non-zero exit code. Per user-direction, the job has been aborted.
--------------------------------------------------------------------------
### FATAL ERROR in /scratch/meemik/athenak/src/pgen/pgen.cpp at line 634
User SRCs specified in <problem> block, but not enrolled by UserProblem().
### FATAL ERROR in /scratch/meemik/athenak/src/pgen/pgen.cpp at line 634
User SRCs specified in <problem> block, but not enrolled by UserProblem().
### FATAL ERROR in /scratch/meemik/athenak/src/pgen/pgen.cpp at line 634
User SRCs specified in <problem> block, but not enrolled by UserProblem().
### FATAL ERROR in /scratch/meemik/athenak/src/pgen/pgen.cpp at line 634
User SRCs specified in <problem> block, but not enrolled by UserProblem().
### FATAL ERROR in /scratch/meemik/athenak/src/pgen/pgen.cpp at line 634
User SRCs specified in <problem> block, but not enrolled by UserProblem().
### FATAL ERROR in /scratch/meemik/athenak/src/pgen/pgen.cpp at line 634
User SRCs specified in <problem> block, but not enrolled by UserProblem().
### FATAL ERROR in /scratch/meemik/athenak/src/pgen/pgen.cpp at line 634
User SRCs specified in <problem> block, but not enrolled by UserProblem().
### FATAL ERROR in /scratch/meemik/athenak/src/pgen/pgen.cpp at line 634
User SRCs specified in <problem> block, but not enrolled by UserProblem().
### FATAL ERROR in /scratch/meemik/athenak/src/pgen/pgen.cpp at line 634
User SRCs specified in <problem> block, but not enrolled by UserProblem().
### FATAL ERROR in /scratch/meemik/athenak/src/pgen/pgen.cpp at line 634
User SRCs specified in <problem> block, but not enrolled by UserProblem().
### FATAL ERROR in /scratch/meemik/athenak/src/pgen/pgen.cpp at line 634
User SRCs specified in <problem> block, but not enrolled by UserProblem().
### FATAL ERROR in /scratch/meemik/athenak/src/pgen/pgen.cpp at line 634
User SRCs specified in <problem> block, but not enrolled by UserProblem().
### FATAL ERROR in /scratch/meemik/athenak/src/pgen/pgen.cpp at line 634
User SRCs specified in <problem> block, but not enrolled by UserProblem().
### FATAL ERROR in /scratch/meemik/athenak/src/pgen/pgen.cpp at line 634
User SRCs specified in <problem> block, but not enrolled by UserProblem().
### FATAL ERROR in /scratch/meemik/athenak/src/pgen/pgen.cpp at line 634
User SRCs specified in <problem> block, but not enrolled by UserProblem().
### FATAL ERROR in /scratch/meemik/athenak/src/pgen/pgen.cpp at line 634
User SRCs specified in <problem> block, but not enrolled by UserProblem().
### FATAL ERROR in /scratch/meemik/athenak/src/pgen/pgen.cpp at line 634
User SRCs specified in <problem> block, but not enrolled by UserProblem().
### FATAL ERROR in /scratch/meemik/athenak/src/pgen/pgen.cpp at line 634
User SRCs specified in <problem> block, but not enrolled by UserProblem().
### FATAL ERROR in /scratch/meemik/athenak/src/pgen/pgen.cpp at line 634
User SRCs specified in <problem> block, but not enrolled by UserProblem().
### FATAL ERROR in /scratch/meemik/athenak/src/pgen/pgen.cpp at line 634
User SRCs specified in <problem> block, but not enrolled by UserProblem().
### FATAL ERROR in /scratch/meemik/athenak/src/pgen/pgen.cpp at line 634
User SRCs specified in <problem> block, but not enrolled by UserProblem().
### FATAL ERROR in /scratch/meemik/athenak/src/pgen/pgen.cpp at line 634
User SRCs specified in <problem> block, but not enrolled by UserProblem().
### FATAL ERROR in /scratch/meemik/athenak/src/pgen/pgen.cpp at line 634
User SRCs specified in <problem> block, but not enrolled by UserProblem().
### FATAL ERROR in /scratch/meemik/athenak/src/pgen/pgen.cpp at line 634
User SRCs specified in <problem> block, but not enrolled by UserProblem().
### FATAL ERROR in /scratch/meemik/athenak/src/pgen/pgen.cpp at line 634
User SRCs specified in <problem> block, but not enrolled by UserProblem().
### FATAL ERROR in /scratch/meemik/athenak/src/pgen/pgen.cpp at line 634
User SRCs specified in <problem> block, but not enrolled by UserProblem().
### FATAL ERROR in /scratch/meemik/athenak/src/pgen/pgen.cpp at line 634
User SRCs specified in <problem> block, but not enrolled by UserProblem().
### FATAL ERROR in /scratch/meemik/athenak/src/pgen/pgen.cpp at line 634
User SRCs specified in <problem> block, but not enrolled by UserProblem().
### FATAL ERROR in /scratch/meemik/athenak/src/pgen/pgen.cpp at line 634
User SRCs specified in <problem> block, but not enrolled by UserProblem().
### FATAL ERROR in /scratch/meemik/athenak/src/pgen/pgen.cpp at line 634
User SRCs specified in <problem> block, but not enrolled by UserProblem().
### FATAL ERROR in /scratch/meemik/athenak/src/pgen/pgen.cpp at line 634
User SRCs specified in <problem> block, but not enrolled by UserProblem().
### FATAL ERROR in /scratch/meemik/athenak/src/pgen/pgen.cpp at line 634
User SRCs specified in <problem> block, but not enrolled by UserProblem().
### FATAL ERROR in /scratch/meemik/athenak/src/pgen/pgen.cpp at line 634
User SRCs specified in <problem> block, but not enrolled by UserProblem().
### FATAL ERROR in /scratch/meemik/athenak/src/pgen/pgen.cpp at line 634
User SRCs specified in <problem> block, but not enrolled by UserProblem().
### FATAL ERROR in /scratch/meemik/athenak/src/pgen/pgen.cpp at line 634
User SRCs specified in <problem> block, but not enrolled by UserProblem().
### FATAL ERROR in /scratch/meemik/athenak/src/pgen/pgen.cpp at line 634
User SRCs specified in <problem> block, but not enrolled by UserProblem().
### FATAL ERROR in /scratch/meemik/athenak/src/pgen/pgen.cpp at line 634
User SRCs specified in <problem> block, but not enrolled by UserProblem().
### FATAL ERROR in /scratch/meemik/athenak/src/pgen/pgen.cpp at line 634
User SRCs specified in <problem> block, but not enrolled by UserProblem().
### FATAL ERROR in /scratch/meemik/athenak/src/pgen/pgen.cpp at line 634
User SRCs specified in <problem> block, but not enrolled by UserProblem().
### FATAL ERROR in /scratch/meemik/athenak/src/pgen/pgen.cpp at line 634
User SRCs specified in <problem> block, but not enrolled by UserProblem().
### FATAL ERROR in /scratch/meemik/athenak/src/pgen/pgen.cpp at line 634
User SRCs specified in <problem> block, but not enrolled by UserProblem().
### FATAL ERROR in /scratch/meemik/athenak/src/pgen/pgen.cpp at line 634
User SRCs specified in <problem> block, but not enrolled by UserProblem().
### FATAL ERROR in /scratch/meemik/athenak/src/pgen/pgen.cpp at line 634
User SRCs specified in <problem> block, but not enrolled by UserProblem().
### FATAL ERROR in /scratch/meemik/athenak/src/pgen/pgen.cpp at line 634
User SRCs specified in <problem> block, but not enrolled by UserProblem().
### FATAL ERROR in /scratch/meemik/athenak/src/pgen/pgen.cpp at line 634
User SRCs specified in <problem> block, but not enrolled by UserProblem().
### FATAL ERROR in /scratch/meemik/athenak/src/pgen/pgen.cpp at line 634
User SRCs specified in <problem> block, but not enrolled by UserProblem().
### FATAL ERROR in /scratch/meemik/athenak/src/pgen/pgen.cpp at line 634
User SRCs specified in <problem> block, but not enrolled by UserProblem().
### FATAL ERROR in /scratch/meemik/athenak/src/pgen/pgen.cpp at line 634
User SRCs specified in <problem> block, but not enrolled by UserProblem().
### FATAL ERROR in /scratch/meemik/athenak/src/pgen/pgen.cpp at line 634
User SRCs specified in <problem> block, but not enrolled by UserProblem().
### FATAL ERROR in /scratch/meemik/athenak/src/pgen/pgen.cpp at line 634
User SRCs specified in <problem> block, but not enrolled by UserProblem().
### FATAL ERROR in /scratch/meemik/athenak/src/pgen/pgen.cpp at line 634
User SRCs specified in <problem> block, but not enrolled by UserProblem().
### FATAL ERROR in /scratch/meemik/athenak/src/pgen/pgen.cpp at line 634
User SRCs specified in <problem> block, but not enrolled by UserProblem().
### FATAL ERROR in /scratch/meemik/athenak/src/pgen/pgen.cpp at line 634
User SRCs specified in <problem> block, but not enrolled by UserProblem().
### FATAL ERROR in /scratch/meemik/athenak/src/pgen/pgen.cpp at line 634
User SRCs specified in <problem> block, but not enrolled by UserProblem().
### FATAL ERROR in /scratch/meemik/athenak/src/pgen/pgen.cpp at line 634
User SRCs specified in <problem> block, but not enrolled by UserProblem().
### FATAL ERROR in /scratch/meemik/athenak/src/pgen/pgen.cpp at line 634
User SRCs specified in <problem> block, but not enrolled by UserProblem().
### FATAL ERROR in /scratch/meemik/athenak/src/pgen/pgen.cpp at line 634
User SRCs specified in <problem> block, but not enrolled by UserProblem().
### FATAL ERROR in /scratch/meemik/athenak/src/pgen/pgen.cpp at line 634
User SRCs specified in <problem> block, but not enrolled by UserProblem().
### FATAL ERROR in /scratch/meemik/athenak/src/pgen/pgen.cpp at line 634
User SRCs specified in <problem> block, but not enrolled by UserProblem().
### FATAL ERROR in /scratch/meemik/athenak/src/pgen/pgen.cpp at line 634
User SRCs specified in <problem> block, but not enrolled by UserProblem().
### FATAL ERROR in /scratch/meemik/athenak/src/pgen/pgen.cpp at line 634
User SRCs specified in <problem> block, but not enrolled by UserProblem().
### FATAL ERROR in /scratch/meemik/athenak/src/pgen/pgen.cpp at line 634
User SRCs specified in <problem> block, but not enrolled by UserProblem().
### FATAL ERROR in /scratch/meemik/athenak/src/pgen/pgen.cpp at line 634
User SRCs specified in <problem> block, but not enrolled by UserProblem().
### FATAL ERROR in /scratch/meemik/athenak/src/pgen/pgen.cpp at line 634
User SRCs specified in <problem> block, but not enrolled by UserProblem().
### FATAL ERROR in /scratch/meemik/athenak/src/pgen/pgen.cpp at line 634
User SRCs specified in <problem> block, but not enrolled by UserProblem().
### FATAL ERROR in /scratch/meemik/athenak/src/pgen/pgen.cpp at line 634
User SRCs specified in <problem> block, but not enrolled by UserProblem().
### FATAL ERROR in /scratch/meemik/athenak/src/pgen/pgen.cpp at line 634
User SRCs specified in <problem> block, but not enrolled by UserProblem().
### FATAL ERROR in /scratch/meemik/athenak/src/pgen/pgen.cpp at line 634
User SRCs specified in <problem> block, but not enrolled by UserProblem().
### FATAL ERROR in /scratch/meemik/athenak/src/pgen/pgen.cpp at line 634
User SRCs specified in <problem> block, but not enrolled by UserProblem().
### FATAL ERROR in /scratch/meemik/athenak/src/pgen/pgen.cpp at line 634
User SRCs specified in <problem> block, but not enrolled by UserProblem().
### FATAL ERROR in /scratch/meemik/athenak/src/pgen/pgen.cpp at line 634
User SRCs specified in <problem> block, but not enrolled by UserProblem().
### FATAL ERROR in /scratch/meemik/athenak/src/pgen/pgen.cpp at line 634
User SRCs specified in <problem> block, but not enrolled by UserProblem().
### FATAL ERROR in /scratch/meemik/athenak/src/pgen/pgen.cpp at line 634
User SRCs specified in <problem> block, but not enrolled by UserProblem().
### FATAL ERROR in /scratch/meemik/athenak/src/pgen/pgen.cpp at line 634
User SRCs specified in <problem> block, but not enrolled by UserProblem().
### FATAL ERROR in /scratch/meemik/athenak/src/pgen/pgen.cpp at line 634
User SRCs specified in <problem> block, but not enrolled by UserProblem().
### FATAL ERROR in /scratch/meemik/athenak/src/pgen/pgen.cpp at line 634
User SRCs specified in <problem> block, but not enrolled by UserProblem().
### FATAL ERROR in /scratch/meemik/athenak/src/pgen/pgen.cpp at line 634
User SRCs specified in <problem> block, but not enrolled by UserProblem().
### FATAL ERROR in /scratch/meemik/athenak/src/pgen/pgen.cpp at line 634
User SRCs specified in <problem> block, but not enrolled by UserProblem().
### FATAL ERROR in /scratch/meemik/athenak/src/pgen/pgen.cpp at line 634
User SRCs specified in <problem> block, but not enrolled by UserProblem().
### FATAL ERROR in /scratch/meemik/athenak/src/pgen/pgen.cpp at line 634
User SRCs specified in <problem> block, but not enrolled by UserProblem().
### FATAL ERROR in /scratch/meemik/athenak/src/pgen/pgen.cpp at line 634
User SRCs specified in <problem> block, but not enrolled by UserProblem().
### FATAL ERROR in /scratch/meemik/athenak/src/pgen/pgen.cpp at line 634
User SRCs specified in <problem> block, but not enrolled by UserProblem().
### FATAL ERROR in /scratch/meemik/athenak/src/pgen/pgen.cpp at line 634
User SRCs specified in <problem> block, but not enrolled by UserProblem().
### FATAL ERROR in /scratch/meemik/athenak/src/pgen/pgen.cpp at line 634
User SRCs specified in <problem> block, but not enrolled by UserProblem().
### FATAL ERROR in /scratch/meemik/athenak/src/pgen/pgen.cpp at line 634
User SRCs specified in <problem> block, but not enrolled by UserProblem().
### FATAL ERROR in /scratch/meemik/athenak/src/pgen/pgen.cpp at line 634
User SRCs specified in <problem> block, but not enrolled by UserProblem().
### FATAL ERROR in /scratch/meemik/athenak/src/pgen/pgen.cpp at line 634
User SRCs specified in <problem> block, but not enrolled by UserProblem().
--------------------------------------------------------------------------
An MPI communication peer process has unexpectedly disconnected.  This
usually indicates a failure in the peer process (e.g., a crash or
otherwise exiting without calling MPI_FINALIZE first).

Although this local MPI process will likely now behave unpredictably
(it may even hang or crash), the root cause of this problem is the
failure of the peer -- that is what you need to investigate.  For
example, there may be a core file that you can examine.  More
generally: such peer hangups are frequently caused by application bugs
or other external events.

  Local host: cn02
  Local PID:  88605
  Peer host:  cn01
--------------------------------------------------------------------------
### FATAL ERROR in /scratch/meemik/athenak/src/pgen/pgen.cpp at line 634
User SRCs specified in <problem> block, but not enrolled by UserProblem().
### FATAL ERROR in /scratch/meemik/athenak/src/pgen/pgen.cpp at line 634
User SRCs specified in <problem> block, but not enrolled by UserProblem().
### FATAL ERROR in /scratch/meemik/athenak/src/pgen/pgen.cpp at line 634
User SRCs specified in <problem> block, but not enrolled by UserProblem().
### FATAL ERROR in /scratch/meemik/athenak/src/pgen/pgen.cpp at line 634
User SRCs specified in <problem> block, but not enrolled by UserProblem().
### FATAL ERROR in /scratch/meemik/athenak/src/pgen/pgen.cpp at line 634
User SRCs specified in <problem> block, but not enrolled by UserProblem().
### FATAL ERROR in /scratch/meemik/athenak/src/pgen/pgen.cpp at line 634
User SRCs specified in <problem> block, but not enrolled by UserProblem().
### FATAL ERROR in /scratch/meemik/athenak/src/pgen/pgen.cpp at line 634
User SRCs specified in <problem> block, but not enrolled by UserProblem().
### FATAL ERROR in /scratch/meemik/athenak/src/pgen/pgen.cpp at line 634
User SRCs specified in <problem> block, but not enrolled by UserProblem().
--------------------------------------------------------------------------
mpirun detected that one or more processes exited with non-zero status, thus causing
the job to be terminated. The first process to do so was:

  Process name: [[15915,1],37]
  Exit code:    1
--------------------------------------------------------------------------
